[2023-09-29 12:29:44][nsantos70   ]: hey bruno
[2023-09-29 12:29:46][nsantos70   ]: you there?
[2023-09-29 12:30:01][nsantos70   ]: you were right man
[2023-09-29 12:30:12][nsantos70   ]: the tunnel!
[2023-09-29 12:30:21][nsantos70   ]: what else would i be talking about?
[2023-09-29 12:30:30][brun0.sant0s]: many things
[2023-09-29 12:30:35][brun0.sant0s]: im right about many things
[2023-09-29 12:30:43][nsantos70   ]: yeah sure
[2023-09-29 12:30:59][brun0.sant0s]: anyways, what did you find?
[2023-09-29 12:31:11][nsantos70   ]: I went there!
[2023-09-29 12:31:23][nsantos70   ]: and i managed to record a video!
[2023-09-29 12:31:43][brun0.sant0s]: of the tunnel?!
[2023-09-29 12:31:57][nsantos70   ]: well, not really of the tunnel itself
[2023-09-29 12:32:16][nsantos70   ]: but of a guy admitting that the tunnel is being build
[2023-09-29 12:32:41][brun0.sant0s]: damn, that's still huge!
[2023-09-29 12:32:54][brun0.sant0s]: can you show me?
[2023-09-29 12:33:05][nsantos70   ]: yeah of course, let me send it to you
[2023-09-29 12:34:06][nsantos70   ]: here you go https://www.mediafire.com/file/uzlkwjln4p0h43x/Evidence.mp4/file
[2023-09-29 12:34:18][brun0.sant0s]: alright, let me see
[2023-09-29 12:35:23][brun0.sant0s]: that's him!!
[2023-09-29 12:35:27][nsantos70   ]: who?
[2023-09-29 12:35:47][brun0.sant0s]: the guy I heard whispering about the tunnel!
[2023-09-29 12:35:57][brun0.sant0s]: the construction supervisor!
[2023-09-29 12:36:10][nsantos70   ]: oooooh interesting
[2023-09-29 12:36:24][brun0.sant0s]: how the hell did you pull that off???
[2023-09-29 12:37:02][nsantos70   ]: I had to put on a little act ??
[2023-09-29 12:37:56][nsantos70   ]: I pretended to be in on it, and to have been sent there by the big bosses to check on the work
[2023-09-29 12:38:58][nsantos70   ]: most of the guys either were very careful about giving me any information or didn't actually know anything about the tunnel
[2023-09-29 12:39:48][nsantos70   ]: but this one guy didn't have that great of a poker face
[2023-09-29 12:40:06][nsantos70   ]: so I imediately knew that he knew something
[2023-09-29 12:40:26][brun0.sant0s]: you're crazy man
[2023-09-29 12:40:32][nsantos70   ]: i know ??
[2023-09-29 12:41:02][nsantos70   ]: anyways, he wasn't easy to convince, it was clear that he did not trust my story
[2023-09-29 12:41:52][nsantos70   ]: he even started getting closer and closer to a tool that was near
[2023-09-29 12:42:05][nsantos70   ]: he seemed ready to hit me with that thing
[2023-09-29 12:42:19][nsantos70   ]: probably thought i was an undercover cop or something
[2023-09-29 12:43:23][brun0.sant0s]: one of these days you're gonna get yourself killed man...
[2023-09-29 12:43:40][nsantos70   ]: but suddenly something interesting happened!
[2023-09-29 12:44:19][nsantos70   ]: i think he saw my INEXT-ID badge and recognized it
[2023-09-29 12:44:59][nsantos70   ]: that's when he suddenly started believing me
[2023-09-29 12:45:10][brun0.sant0s]: so....
[2023-09-29 12:45:22][brun0.sant0s]: that means someone from inext is also in on this?
[2023-09-29 12:45:38][nsantos70   ]: im not sure
[2023-09-29 12:45:43][nsantos70   ]: its certainly possible
[2023-09-29 12:46:00][nsantos70   ]: especially because of what he told me after
[2023-09-29 12:46:15][brun0.sant0s]: what did he say?
[2023-09-29 12:46:29][nsantos70   ]: he asked me if Eva had sent me
[2023-09-29 12:46:42][brun0.sant0s]: WHAT
[2023-09-29 12:46:45][brun0.sant0s]: EVA????
[2023-09-29 12:47:02][brun0.sant0s]: the same eva that dumped you the other day???
[2023-09-29 12:47:16][nsantos70   ]: again, im not sure
[2023-09-29 12:47:38][nsantos70   ]: i believe it is her, but there could be another eva
[2023-09-29 12:48:15][brun0.sant0s]: how many evas are there that work in inext?
[2023-09-29 12:49:20][nsantos70   ]: good question, i dont any other eva at inext, but there could be one
[2023-09-29 12:49:28][nsantos70   ]: dont know*
[2023-09-29 12:49:49][brun0.sant0s]: damn man, this is wild
[2023-09-29 12:50:08][brun0.sant0s]: i never thought eva would be involved in something like this
[2023-09-29 12:50:14][nsantos70   ]: yeah, i know
[2023-09-29 12:50:30][nsantos70   ]: but this is perfect for me
[2023-09-29 12:50:42][nsantos70   ]: its the perfect opportunity for me to get revenge on her
[2023-09-29 12:50:51][nsantos70   ]: for getting better QUCs than me
[2023-09-29 12:50:59][nsantos70   ]: and for dumping me i guess
[2023-09-29 12:51:18][brun0.sant0s]: are you still thinking about that?
[2023-09-29 12:51:40][brun0.sant0s]: forget about it man, revenge is not going to help with anything
[2023-09-29 12:51:53][brun0.sant0s]: its better if you dont involve yourself in this too much
[2023-09-29 12:52:17][nsantos70   ]: no way, im getting to the bottom of this
[2023-09-29 12:52:42][nsantos70   ]: especially when i have all the information necessary to investigate further
[2023-09-29 12:53:07][nsantos70   ]: i know she has a pc in her office at tecnico that is almost always on
[2023-09-29 12:53:19][nsantos70   ]: and i know the username she usually uses for everything
[2023-09-29 12:53:37][brun0.sant0s]: are you going to hack her?
[2023-09-29 12:53:47][nsantos70   ]: maybe :))
[2023-09-29 12:54:02][brun0.sant0s]: seriously man, you're crazy
[2023-09-29 12:54:17][brun0.sant0s]: i wont involve myself with this anymore
[2023-09-29 12:54:25][brun0.sant0s]: sorry but i cant afford to lose my job
[2023-09-29 12:54:32][nsantos70   ]: i know man dont worry
[2023-09-29 12:54:55][nsantos70   ]: i'll tell you all about it when i discover the whole truth
[2023-09-29 12:55:12][brun0.sant0s]: alright man, please try to stay safe though
[2023-09-29 12:55:27][nsantos70   ]: of course
[2023-09-29 12:55:39][nsantos70   ]: well then, got a job to do
[2023-09-29 12:55:40][nsantos70   ]: ttyl
[2023-09-29 12:55:51][brun0.sant0s]: see ya!
