[2023-09-29 15:23:14][nsantos70   ]: Bruno!!!
[2023-09-29 15:23:34][nsantos70   ]: You won't believe what i found
[2023-09-29 15:24:06][brun0.sant0s]: nuno, i already told you that i dont want to get involved any further
[2023-09-29 15:24:12][nsantos70   ]: i know i know
[2023-09-29 15:24:22][nsantos70   ]: i just have to share this with someone
[2023-09-29 15:24:40][nsantos70   ]: i'll tell you the rest in person, but at least let me tell you this
[2023-09-29 15:25:29][nsantos70   ]: i got the code to open a safe that is inside the president of IST's office
[2023-09-29 15:25:39][brun0.sant0s]: whaaaaaaaaaaaaaaaaaaat
[2023-09-29 15:25:46][brun0.sant0s]: nuno stop
[2023-09-29 15:25:51][brun0.sant0s]: you cant be doing these things
[2023-09-29 15:26:01][brun0.sant0s]: you're not going to go there right?
[2023-09-29 15:26:08][brun0.sant0s]: you know that's a crime right?
[2023-09-29 15:26:20][brun0.sant0s]: what does he even have to do with anything?
[2023-09-29 15:26:27][nsantos70   ]: oh he does, trust me
[2023-09-29 15:26:37][nsantos70   ]: i'll tell you more details later
[2023-09-29 15:26:58][nsantos70   ]: I'm gonna get ready to go there at night
[2023-09-29 15:27:08][brun0.sant0s]: oh cmon nuno please dont do it
[2023-09-29 15:27:15][brun0.sant0s]: youre gonna get caught
[2023-09-29 15:27:23][nsantos70   ]: no im not ??
[2023-09-29 15:27:31][nsantos70   ]: anyways, ttyl
[2023-09-29 15:27:36][brun0.sant0s]: oh god
