[2023-25-09 16:46:15][brun0.sant0s] Hey Nuno, you got a sec to chat?
[2023-25-09 16:46:40][nsantos70] Hey Bruno, yeah, im at work, but whats up? We can chat
[2023-25-09 16:48:02][nsantos70] haha yeah
[2023-25-09 16:48:42][nsantos70] I'm still peeling from that terrible burn i got the day we went to benagil, i miss those days, getting back to work sucks
[2023-25-09 16:50:39][nsantos70] Ugh dont even remind me
[2023-25-09 16:51:40][nsantos70] i watched the game, and it was a disgrace
[2023-25-09 16:51:49][nsantos70] they need a serious wake-up call
[2023-25-09 16:52:15][nsantos70] i wish i were rich enough to buy benfica and make it great again as trump would say
[2023-25-09 16:54:23][nsantos70] seriously? like what?
[2023-25-09 16:55:03][nsantos70] WHAT
[2023-25-09 16:55:12][nsantos70] no way!!!!
[2023-25-09 16:56:09][nsantos70] that IS fishy
[2023-25-09 16:57:46][nsantos70] That's insane man!
[2023-25-09 16:57:57][nsantos70] I had a feeling something fishy was happening there
[2023-25-09 16:58:10][nsantos70] but if that's really it, it's huge
[2023-25-09 17:02:55][nsantos70] hey hold on for a sec bruno
[2023-25-09 17:03:09][nsantos70] i just got a message from eva
[2023-25-09 17:03:16][nsantos70] she's breaking up with me
[2023-25-09 17:05:22][nsantos70] yeah ill be fine though
[2023-25-09 17:06:44][nsantos70] it stings, but whats eating at me even more is this  suspicion that she mightve had a hand in those stupidly high QUC scores she had
[2023-25-09 17:07:05][nsantos70] It doesnt make sense to me, i want to dig deeper and get to the bottom of it
[2023-25-09 17:07:24][nsantos70] you know, like a little payback for the doubts she left me with
[2023-25-09 17:07:36][nsantos70] its like she was being carrioed somehow
[2023-25-09 17:07:56][nsantos70] i mean i never told her that i didnt believe she could get those scores because she is my girl
[2023-25-09 17:08:04][nsantos70] was* my girl
[2023-25-09 17:10:01][nsantos70] seriously? it sounds strange, but i'll try it
[2023-25-09 17:10:09][nsantos70] thanks bruno, i appreciate it
[2023-25-09 17:10:30][nsantos70] lets not dwell on this though
[2023-25-09 17:10:42][nsantos70] you dont have to worry about this
[2023-25-09 17:11:08][nsantos70] lets get back to what we were discussing, the faster i forget about this the better
[2023-25-09 17:12:35][nsantos70] right
[2023-25-09 17:12:43][nsantos70] im going to try to investigate it further
[2023-25-09 17:12:57][nsantos70] its bothering me, and i want to know whats really going on there
[2023-25-09 17:14:08][nsantos70] will do cousin
[2023-25-09 17:14:27][nsantos70] lets stay in touch, and ill let you know if i uncover anything about the tunnel
[2023-25-09 17:15:02][nsantos70] bye bruno!